mode: set
bz.moh.epi/users/internal/auth/user.go:36.36,38.2 1 1
bz.moh.epi/users/internal/auth/user.go:40.48,41.14 1 1
bz.moh.epi/users/internal/auth/user.go:42.16,43.21 1 0
bz.moh.epi/users/internal/auth/user.go:44.27,45.32 1 1
bz.moh.epi/users/internal/auth/user.go:46.32,47.37 1 0
bz.moh.epi/users/internal/auth/user.go:48.19,49.24 1 0
bz.moh.epi/users/internal/auth/user.go:50.10,51.55 1 0
bz.moh.epi/users/internal/auth/user.go:89.43,91.16 2 1
bz.moh.epi/users/internal/auth/user.go:94.2,105.8 1 1
bz.moh.epi/users/internal/auth/user.go:91.16,93.3 1 0
bz.moh.epi/users/internal/auth/user.go:134.73,142.2 1 1
bz.moh.epi/users/internal/auth/user.go:147.92,150.16 3 1
bz.moh.epi/users/internal/auth/user.go:157.2,172.16 3 1
bz.moh.epi/users/internal/auth/user.go:178.2,178.61 1 1
bz.moh.epi/users/internal/auth/user.go:184.2,184.29 1 1
bz.moh.epi/users/internal/auth/user.go:150.16,155.3 1 0
bz.moh.epi/users/internal/auth/user.go:172.16,177.3 1 0
bz.moh.epi/users/internal/auth/user.go:178.61,183.3 1 0
bz.moh.epi/users/internal/auth/user.go:188.64,191.27 3 1
bz.moh.epi/users/internal/auth/user.go:194.2,199.16 3 1
bz.moh.epi/users/internal/auth/user.go:205.2,208.16 4 1
bz.moh.epi/users/internal/auth/user.go:214.2,217.12 2 1
bz.moh.epi/users/internal/auth/user.go:191.27,193.3 1 0
bz.moh.epi/users/internal/auth/user.go:199.16,204.3 1 0
bz.moh.epi/users/internal/auth/user.go:208.16,213.3 1 0
bz.moh.epi/users/internal/auth/user.go:221.70,223.16 2 0
bz.moh.epi/users/internal/auth/user.go:229.2,229.89 1 0
bz.moh.epi/users/internal/auth/user.go:235.2,235.12 1 0
bz.moh.epi/users/internal/auth/user.go:223.16,228.3 1 0
bz.moh.epi/users/internal/auth/user.go:229.89,234.3 1 0
bz.moh.epi/users/internal/auth/user.go:239.86,242.6 3 0
bz.moh.epi/users/internal/auth/user.go:260.2,264.22 3 0
bz.moh.epi/users/internal/auth/user.go:242.6,244.36 2 0
bz.moh.epi/users/internal/auth/user.go:247.3,247.17 1 0
bz.moh.epi/users/internal/auth/user.go:253.3,253.43 1 0
bz.moh.epi/users/internal/auth/user.go:244.36,245.9 1 0
bz.moh.epi/users/internal/auth/user.go:247.17,252.4 1 0
bz.moh.epi/users/internal/auth/user.go:253.43,258.4 1 0
bz.moh.epi/users/internal/auth/user.go:268.80,271.6 3 1
bz.moh.epi/users/internal/auth/user.go:289.2,289.22 1 1
bz.moh.epi/users/internal/auth/user.go:271.6,273.36 2 1
bz.moh.epi/users/internal/auth/user.go:276.3,276.17 1 1
bz.moh.epi/users/internal/auth/user.go:282.3,282.43 1 1
bz.moh.epi/users/internal/auth/user.go:273.36,274.9 1 1
bz.moh.epi/users/internal/auth/user.go:276.17,281.4 1 0
bz.moh.epi/users/internal/auth/user.go:282.43,287.4 1 0
bz.moh.epi/users/internal/auth/user.go:304.71,306.16 2 1
bz.moh.epi/users/internal/auth/user.go:309.2,332.17 3 1
bz.moh.epi/users/internal/auth/user.go:338.2,339.16 2 1
bz.moh.epi/users/internal/auth/user.go:345.2,345.12 1 1
bz.moh.epi/users/internal/auth/user.go:306.16,308.3 1 0
bz.moh.epi/users/internal/auth/user.go:332.17,337.3 1 0
bz.moh.epi/users/internal/auth/user.go:339.16,344.3 1 0
bz.moh.epi/users/internal/auth/user.go:349.68,352.6 3 0
bz.moh.epi/users/internal/auth/user.go:379.2,379.19 1 0
bz.moh.epi/users/internal/auth/user.go:352.6,354.36 2 0
bz.moh.epi/users/internal/auth/user.go:357.3,357.17 1 0
bz.moh.epi/users/internal/auth/user.go:363.3,364.40 2 0
bz.moh.epi/users/internal/auth/user.go:370.3,371.17 2 0
bz.moh.epi/users/internal/auth/user.go:377.3,377.31 1 0
bz.moh.epi/users/internal/auth/user.go:354.36,355.9 1 0
bz.moh.epi/users/internal/auth/user.go:357.17,362.4 1 0
bz.moh.epi/users/internal/auth/user.go:364.40,369.4 1 0
bz.moh.epi/users/internal/auth/user.go:371.17,376.4 1 0
bz.moh.epi/users/internal/auth/user.go:385.82,387.16 2 0
bz.moh.epi/users/internal/auth/user.go:394.2,397.16 4 0
bz.moh.epi/users/internal/auth/user.go:403.2,403.20 1 0
bz.moh.epi/users/internal/auth/user.go:409.2,414.8 1 0
bz.moh.epi/users/internal/auth/user.go:387.16,392.3 1 0
bz.moh.epi/users/internal/auth/user.go:397.16,402.3 1 0
bz.moh.epi/users/internal/auth/user.go:403.20,408.3 1 0
bz.moh.epi/users/internal/auth/user.go:419.30,421.45 1 0
bz.moh.epi/users/internal/auth/user.go:425.2,425.28 1 0
bz.moh.epi/users/internal/auth/user.go:421.45,423.3 1 0
bz.moh.epi/users/internal/auth/user.go:428.81,430.16 2 1
bz.moh.epi/users/internal/auth/user.go:434.2,434.19 1 1
bz.moh.epi/users/internal/auth/user.go:430.16,432.3 1 0
bz.moh.epi/users/internal/auth/user.go:446.74,448.16 2 1
bz.moh.epi/users/internal/auth/user.go:454.2,454.84 1 1
bz.moh.epi/users/internal/auth/user.go:460.2,460.12 1 1
bz.moh.epi/users/internal/auth/user.go:448.16,453.3 1 0
bz.moh.epi/users/internal/auth/user.go:454.84,459.3 1 0
bz.moh.epi/users/internal/auth/user.go:465.80,467.16 2 0
bz.moh.epi/users/internal/auth/user.go:470.2,471.16 2 0
bz.moh.epi/users/internal/auth/user.go:474.2,474.89 1 0
bz.moh.epi/users/internal/auth/user.go:477.2,477.12 1 0
bz.moh.epi/users/internal/auth/user.go:467.16,469.3 1 0
bz.moh.epi/users/internal/auth/user.go:471.16,473.3 1 0
bz.moh.epi/users/internal/auth/user.go:474.89,476.3 1 0
bz.moh.epi/users/internal/auth/application.go:27.116,35.16 4 0
bz.moh.epi/users/internal/auth/application.go:38.2,38.30 1 0
bz.moh.epi/users/internal/auth/application.go:35.16,37.3 1 0
bz.moh.epi/users/internal/auth/application.go:42.86,45.6 3 0
bz.moh.epi/users/internal/auth/application.go:59.2,59.18 1 0
bz.moh.epi/users/internal/auth/application.go:45.6,47.36 2 0
bz.moh.epi/users/internal/auth/application.go:50.3,50.17 1 0
bz.moh.epi/users/internal/auth/application.go:53.3,54.42 2 0
bz.moh.epi/users/internal/auth/application.go:57.3,57.27 1 0
bz.moh.epi/users/internal/auth/application.go:47.36,48.9 1 0
bz.moh.epi/users/internal/auth/application.go:50.17,52.4 1 0
bz.moh.epi/users/internal/auth/application.go:54.42,56.4 1 0
bz.moh.epi/users/internal/auth/application.go:62.81,63.93 1 0
bz.moh.epi/users/internal/auth/application.go:66.2,66.12 1 0
bz.moh.epi/users/internal/auth/application.go:63.93,65.3 1 0
bz.moh.epi/users/internal/auth/errors.go:11.35,12.20 1 0
bz.moh.epi/users/internal/auth/errors.go:15.2,15.48 1 0
bz.moh.epi/users/internal/auth/errors.go:12.20,14.3 1 0
bz.moh.epi/users/internal/auth/errors.go:18.35,20.2 1 0
bz.moh.epi/users/internal/auth/errors.go:28.35,29.20 1 0
bz.moh.epi/users/internal/auth/errors.go:32.2,32.48 1 0
bz.moh.epi/users/internal/auth/errors.go:29.20,31.3 1 0
bz.moh.epi/users/internal/auth/errors.go:35.35,37.2 1 0
bz.moh.epi/users/internal/api/user_create.go:13.55,17.2 1 1
bz.moh.epi/users/internal/api/user_create.go:21.100,23.16 2 1
bz.moh.epi/users/internal/api/user_create.go:27.2,27.71 1 1
bz.moh.epi/users/internal/api/user_create.go:30.2,30.64 1 1
bz.moh.epi/users/internal/api/user_create.go:34.2,35.16 2 1
bz.moh.epi/users/internal/api/user_create.go:38.2,38.15 1 1
bz.moh.epi/users/internal/api/user_create.go:23.16,25.3 1 0
bz.moh.epi/users/internal/api/user_create.go:27.71,29.3 1 0
bz.moh.epi/users/internal/api/user_create.go:30.64,32.3 1 0
bz.moh.epi/users/internal/api/user_create.go:35.16,37.3 1 0
bz.moh.epi/users/internal/server/handlers/chain.go:21.48,23.2 1 1
bz.moh.epi/users/internal/server/handlers/chain.go:27.58,28.31 1 1
bz.moh.epi/users/internal/server/handlers/chain.go:31.2,31.10 1 1
bz.moh.epi/users/internal/server/handlers/chain.go:28.31,30.3 1 1
bz.moh.epi/users/internal/server/handlers/chain.go:37.56,43.2 4 0
bz.moh.epi/users/internal/server/handlers/chain.go:47.43,49.2 1 0
bz.moh.epi/users/internal/server/handlers/healthCheck.go:8.58,10.2 1 0
bz.moh.epi/users/internal/server/handlers/listApplications.go:11.84,13.36 2 1
bz.moh.epi/users/internal/server/handlers/listApplications.go:17.2,18.18 2 1
bz.moh.epi/users/internal/server/handlers/listApplications.go:22.2,23.16 2 1
bz.moh.epi/users/internal/server/handlers/listApplications.go:28.2,28.55 1 1
bz.moh.epi/users/internal/server/handlers/listApplications.go:13.36,15.3 1 0
bz.moh.epi/users/internal/server/handlers/listApplications.go:18.18,21.3 2 0
bz.moh.epi/users/internal/server/handlers/listApplications.go:23.16,27.3 3 0
bz.moh.epi/users/internal/server/handlers/listApplications.go:28.55,34.3 3 0
bz.moh.epi/users/internal/server/handlers/api.go:12.71,33.2 10 0
bz.moh.epi/users/internal/server/handlers/api.go:39.69,43.2 1 1
bz.moh.epi/users/internal/server/handlers/getUser.go:11.79,13.36 2 1
bz.moh.epi/users/internal/server/handlers/getUser.go:17.2,18.18 2 1
bz.moh.epi/users/internal/server/handlers/getUser.go:23.2,28.16 5 1
bz.moh.epi/users/internal/server/handlers/getUser.go:33.2,38.55 2 1
bz.moh.epi/users/internal/server/handlers/getUser.go:13.36,15.3 1 0
bz.moh.epi/users/internal/server/handlers/getUser.go:18.18,21.3 2 0
bz.moh.epi/users/internal/server/handlers/getUser.go:28.16,32.3 3 0
bz.moh.epi/users/internal/server/handlers/getUser.go:38.55,44.3 3 0
bz.moh.epi/users/internal/server/handlers/listUsers.go:11.77,13.36 2 1
bz.moh.epi/users/internal/server/handlers/listUsers.go:16.2,16.32 1 1
bz.moh.epi/users/internal/server/handlers/listUsers.go:21.2,22.18 2 1
bz.moh.epi/users/internal/server/handlers/listUsers.go:27.2,28.16 2 1
bz.moh.epi/users/internal/server/handlers/listUsers.go:33.2,33.56 1 1
bz.moh.epi/users/internal/server/handlers/listUsers.go:13.36,15.3 1 0
bz.moh.epi/users/internal/server/handlers/listUsers.go:16.32,19.3 2 0
bz.moh.epi/users/internal/server/handlers/listUsers.go:22.18,25.3 2 1
bz.moh.epi/users/internal/server/handlers/listUsers.go:28.16,32.3 3 0
bz.moh.epi/users/internal/server/handlers/listUsers.go:33.56,39.3 3 0
bz.moh.epi/users/internal/server/handlers/middleware.go:12.30,13.51 1 0
bz.moh.epi/users/internal/server/handlers/middleware.go:13.51,14.55 1 0
bz.moh.epi/users/internal/server/handlers/middleware.go:14.55,19.4 4 0
bz.moh.epi/users/internal/server/handlers/middleware.go:25.52,26.51 1 0
bz.moh.epi/users/internal/server/handlers/middleware.go:26.51,27.55 1 0
bz.moh.epi/users/internal/server/handlers/middleware.go:27.55,28.38 1 0
bz.moh.epi/users/internal/server/handlers/middleware.go:32.4,33.23 2 0
bz.moh.epi/users/internal/server/handlers/middleware.go:40.4,41.18 2 0
bz.moh.epi/users/internal/server/handlers/middleware.go:48.4,49.28 2 0
bz.moh.epi/users/internal/server/handlers/middleware.go:28.38,31.5 2 0
bz.moh.epi/users/internal/server/handlers/middleware.go:33.23,39.5 3 0
bz.moh.epi/users/internal/server/handlers/middleware.go:41.18,47.5 3 0
bz.moh.epi/users/internal/server/handlers/middleware.go:55.35,56.51 1 0
bz.moh.epi/users/internal/server/handlers/middleware.go:56.51,57.55 1 0
bz.moh.epi/users/internal/server/handlers/middleware.go:57.55,60.4 2 0
bz.moh.epi/users/internal/server/handlers/postUser.go:20.76,22.36 2 1
bz.moh.epi/users/internal/server/handlers/postUser.go:25.2,25.33 1 1
bz.moh.epi/users/internal/server/handlers/postUser.go:30.2,31.18 2 1
bz.moh.epi/users/internal/server/handlers/postUser.go:36.2,37.72 2 1
bz.moh.epi/users/internal/server/handlers/postUser.go:45.2,46.16 2 1
bz.moh.epi/users/internal/server/handlers/postUser.go:55.2,65.16 3 1
bz.moh.epi/users/internal/server/handlers/postUser.go:74.2,74.56 1 1
bz.moh.epi/users/internal/server/handlers/postUser.go:22.36,24.3 1 0
bz.moh.epi/users/internal/server/handlers/postUser.go:25.33,28.3 2 0
bz.moh.epi/users/internal/server/handlers/postUser.go:31.18,34.3 2 1
bz.moh.epi/users/internal/server/handlers/postUser.go:37.72,43.3 3 0
bz.moh.epi/users/internal/server/handlers/postUser.go:46.16,53.3 3 0
bz.moh.epi/users/internal/server/handlers/postUser.go:65.16,71.3 3 0
bz.moh.epi/users/internal/server/handlers/postUser.go:74.56,81.3 3 0
bz.moh.epi/users/internal/server/handlers/putUser.go:19.75,21.36 2 1
bz.moh.epi/users/internal/server/handlers/putUser.go:24.2,24.32 1 1
bz.moh.epi/users/internal/server/handlers/putUser.go:30.2,31.18 2 1
bz.moh.epi/users/internal/server/handlers/putUser.go:36.2,37.72 2 1
bz.moh.epi/users/internal/server/handlers/putUser.go:45.2,50.16 5 1
bz.moh.epi/users/internal/server/handlers/putUser.go:59.2,67.67 2 1
bz.moh.epi/users/internal/server/handlers/putUser.go:76.2,76.56 1 1
bz.moh.epi/users/internal/server/handlers/putUser.go:21.36,23.3 1 0
bz.moh.epi/users/internal/server/handlers/putUser.go:24.32,27.3 2 0
bz.moh.epi/users/internal/server/handlers/putUser.go:31.18,34.3 2 1
bz.moh.epi/users/internal/server/handlers/putUser.go:37.72,43.3 3 0
bz.moh.epi/users/internal/server/handlers/putUser.go:50.16,57.3 3 0
bz.moh.epi/users/internal/server/handlers/putUser.go:67.67,74.3 3 0
bz.moh.epi/users/internal/server/handlers/putUser.go:76.56,83.3 3 0
